Collecting wxpython
  Using cached https://files.pythonhosted.org/packages/a4/4a/d35b19f8c21b414ece2b3dc02dcf8cb0d45d6fe5aacf56f7ca0b7c66ac58/wxPython-4.0.1.tar.gz
Requirement already satisfied: six in /home/wangw/.virtualenvs/padb/lib/python2.7/site-packages (from wxpython) (1.11.0)
Installing collected packages: wxpython
  Running setup.py install for wxpython: started
    Running setup.py install for wxpython: still running...
    Running setup.py install for wxpython: still running...
    Running setup.py install for wxpython: still running...
    Running setup.py install for wxpython: still running...
    Running setup.py install for wxpython: still running...
    Running setup.py install for wxpython: still running...
    Running setup.py install for wxpython: still running...
    Running setup.py install for wxpython: still running...
    Running setup.py install for wxpython: still running...
    Running setup.py install for wxpython: still running...
    Running setup.py install for wxpython: still running...
    Running setup.py install for wxpython: still running...
    Running setup.py install for wxpython: still running...
    Running setup.py install for wxpython: still running...
    Running setup.py install for wxpython: finished with status 'done'
Successfully installed wxpython-4.0.1
